20-Jul-2022 18:25:33.700 심각 [main] org.apache.catalina.startup.Catalina.stopServer [localhost:8005] (base 포트 [8005] 그리고 offset [0])와(과) 연결할 수 없었습니다. Tomcat이 실행 중이지 않을 수 있습니다.
20-Jul-2022 18:25:33.715 심각 [main] org.apache.catalina.startup.Catalina.stopServer Catalina를 중지시키는 중 오류 발생
	java.net.ConnectException: Connection refused: connect
		at java.net.DualStackPlainSocketImpl.connect0(Native Method)
		at java.net.DualStackPlainSocketImpl.socketConnect(DualStackPlainSocketImpl.java:75)
		at java.net.AbstractPlainSocketImpl.doConnect(AbstractPlainSocketImpl.java:476)
		at java.net.AbstractPlainSocketImpl.connectToAddress(AbstractPlainSocketImpl.java:218)
		at java.net.AbstractPlainSocketImpl.connect(AbstractPlainSocketImpl.java:200)
		at java.net.PlainSocketImpl.connect(PlainSocketImpl.java:162)
		at java.net.SocksSocketImpl.connect(SocksSocketImpl.java:394)
		at java.net.Socket.connect(Socket.java:606)
		at java.net.Socket.connect(Socket.java:555)
		at java.net.Socket.<init>(Socket.java:451)
		at java.net.Socket.<init>(Socket.java:228)
		at org.apache.catalina.startup.Catalina.stopServer(Catalina.java:511)
		at sun.reflect.NativeMethodAccessorImpl.invoke0(Native Method)
		at sun.reflect.NativeMethodAccessorImpl.invoke(NativeMethodAccessorImpl.java:62)
		at sun.reflect.DelegatingMethodAccessorImpl.invoke(DelegatingMethodAccessorImpl.java:43)
		at java.lang.reflect.Method.invoke(Method.java:498)
		at org.apache.catalina.startup.Bootstrap.stopServer(Bootstrap.java:391)
		at org.apache.catalina.startup.Bootstrap.main(Bootstrap.java:481)
20-Jul-2022 18:25:40.877 심각 [main] org.apache.catalina.startup.Catalina.stopServer [localhost:8005] (base 포트 [8005] 그리고 offset [0])와(과) 연결할 수 없었습니다. Tomcat이 실행 중이지 않을 수 있습니다.
20-Jul-2022 18:25:50.161 심각 [main] org.apache.catalina.startup.Catalina.stopServer Catalina를 중지시키는 중 오류 발생
	java.net.ConnectException: Connection refused: connect
		at java.net.DualStackPlainSocketImpl.connect0(Native Method)
		at java.net.DualStackPlainSocketImpl.socketConnect(DualStackPlainSocketImpl.java:75)
		at java.net.AbstractPlainSocketImpl.doConnect(AbstractPlainSocketImpl.java:476)
		at java.net.AbstractPlainSocketImpl.connectToAddress(AbstractPlainSocketImpl.java:218)
		at java.net.AbstractPlainSocketImpl.connect(AbstractPlainSocketImpl.java:200)
		at java.net.PlainSocketImpl.connect(PlainSocketImpl.java:162)
		at java.net.SocksSocketImpl.connect(SocksSocketImpl.java:394)
		at java.net.Socket.connect(Socket.java:606)
		at java.net.Socket.connect(Socket.java:555)
		at java.net.Socket.<init>(Socket.java:451)
		at java.net.Socket.<init>(Socket.java:228)
		at org.apache.catalina.startup.Catalina.stopServer(Catalina.java:511)
		at sun.reflect.NativeMethodAccessorImpl.invoke0(Native Method)
		at sun.reflect.NativeMethodAccessorImpl.invoke(NativeMethodAccessorImpl.java:62)
		at sun.reflect.DelegatingMethodAccessorImpl.invoke(DelegatingMethodAccessorImpl.java:43)
		at java.lang.reflect.Method.invoke(Method.java:498)
		at org.apache.catalina.startup.Bootstrap.stopServer(Bootstrap.java:391)
		at org.apache.catalina.startup.Bootstrap.main(Bootstrap.java:481)
20-Jul-2022 18:25:57.305 심각 [main] org.apache.catalina.startup.Catalina.stopServer [localhost:8005] (base 포트 [8005] 그리고 offset [0])와(과) 연결할 수 없었습니다. Tomcat이 실행 중이지 않을 수 있습니다.
20-Jul-2022 18:26:04.140 정보 [main] org.apache.catalina.startup.VersionLoggerListener.log 서버 버전 이름:    Apache Tomcat/8.5.81
20-Jul-2022 18:26:04.144 정보 [main] org.apache.catalina.startup.VersionLoggerListener.log Server 빌드 시각:  Jun 8 2022 21:30:15 UTC
20-Jul-2022 18:26:04.144 정보 [main] org.apache.catalina.startup.VersionLoggerListener.log Server 버전 번호:  8.5.81.0
20-Jul-2022 18:26:04.144 정보 [main] org.apache.catalina.startup.VersionLoggerListener.log 운영체제 이름:     Windows 10
20-Jul-2022 18:26:04.144 정보 [main] org.apache.catalina.startup.VersionLoggerListener.log 운영체제 버전:     10.0
20-Jul-2022 18:26:04.144 정보 [main] org.apache.catalina.startup.VersionLoggerListener.log 아키텍처:          amd64
20-Jul-2022 18:26:04.144 정보 [main] org.apache.catalina.startup.VersionLoggerListener.log 자바 홈:           C:\Program Files\Java\jdk1.8.0_341\jre
20-Jul-2022 18:26:04.145 정보 [main] org.apache.catalina.startup.VersionLoggerListener.log JVM 버전:          1.8.0_341-b10
20-Jul-2022 18:26:04.145 정보 [main] org.apache.catalina.startup.VersionLoggerListener.log JVM 벤더:          Oracle Corporation
20-Jul-2022 18:26:04.145 정보 [main] org.apache.catalina.startup.VersionLoggerListener.log CATALINA_BASE:     D:\2bStudy\JSP\apache-tomcat-8.5.81
20-Jul-2022 18:26:04.145 정보 [main] org.apache.catalina.startup.VersionLoggerListener.log CATALINA_HOME:     D:\2bStudy\JSP\apache-tomcat-8.5.81
20-Jul-2022 18:26:04.146 정보 [main] org.apache.catalina.startup.VersionLoggerListener.log 명령 행 아규먼트:  -Djava.util.logging.config.file=D:\2bStudy\JSP\apache-tomcat-8.5.81\conf\logging.properties
20-Jul-2022 18:26:04.146 정보 [main] org.apache.catalina.startup.VersionLoggerListener.log 명령 행 아규먼트:  -Djava.util.logging.manager=org.apache.juli.ClassLoaderLogManager
20-Jul-2022 18:26:04.147 정보 [main] org.apache.catalina.startup.VersionLoggerListener.log 명령 행 아규먼트:  -Djdk.tls.ephemeralDHKeySize=2048
20-Jul-2022 18:26:04.148 정보 [main] org.apache.catalina.startup.VersionLoggerListener.log 명령 행 아규먼트:  -Djava.protocol.handler.pkgs=org.apache.catalina.webresources
20-Jul-2022 18:26:04.149 정보 [main] org.apache.catalina.startup.VersionLoggerListener.log 명령 행 아규먼트:  -Dignore.endorsed.dirs=
20-Jul-2022 18:26:04.152 정보 [main] org.apache.catalina.startup.VersionLoggerListener.log 명령 행 아규먼트:  -Dcatalina.base=D:\2bStudy\JSP\apache-tomcat-8.5.81
20-Jul-2022 18:26:04.153 정보 [main] org.apache.catalina.startup.VersionLoggerListener.log 명령 행 아규먼트:  -Dcatalina.home=D:\2bStudy\JSP\apache-tomcat-8.5.81
20-Jul-2022 18:26:04.153 정보 [main] org.apache.catalina.startup.VersionLoggerListener.log 명령 행 아규먼트:  -Djava.io.tmpdir=D:\2bStudy\JSP\apache-tomcat-8.5.81\temp
20-Jul-2022 18:26:04.154 정보 [main] org.apache.catalina.core.AprLifecycleListener.lifecycleEvent APR 버전 [1.7.0]을(를) 사용한, APR 기반 Apache Tomcat Native 라이브러리 [1.2.33]을(를) 로드했습니다.
20-Jul-2022 18:26:04.155 정보 [main] org.apache.catalina.core.AprLifecycleListener.lifecycleEvent APR 용량정보들: IPv6 [true], sendfile [true], accept filters [false], random [true], UDS [{4}].
20-Jul-2022 18:26:04.157 정보 [main] org.apache.catalina.core.AprLifecycleListener.lifecycleEvent APR/OpenSSL 설정: useAprConnector [false], useOpenSSL [true]
20-Jul-2022 18:26:04.164 정보 [main] org.apache.catalina.core.AprLifecycleListener.initializeSSL OpenSSL이 성공적으로 초기화되었습니다: [OpenSSL 1.1.1o  3 May 2022]
20-Jul-2022 18:26:04.323 정보 [main] org.apache.coyote.AbstractProtocol.init 프로토콜 핸들러 ["http-nio-8080"]을(를) 초기화합니다.
20-Jul-2022 18:26:04.343 정보 [main] org.apache.catalina.startup.Catalina.load Initialization processed in 621 ms
20-Jul-2022 18:26:04.430 정보 [main] org.apache.catalina.core.StandardService.startInternal 서비스 [Catalina]을(를) 시작합니다.
20-Jul-2022 18:26:04.432 정보 [main] org.apache.catalina.core.StandardEngine.startInternal 서버 엔진을 시작합니다: [Apache Tomcat/8.5.81]
20-Jul-2022 18:26:04.440 정보 [localhost-startStop-1] org.apache.catalina.startup.HostConfig.deployDirectory 웹 애플리케이션 디렉토리 [D:\2bStudy\JSP\apache-tomcat-8.5.81\webapps\docs]을(를) 배치합니다.
20-Jul-2022 18:26:04.856 정보 [localhost-startStop-1] org.apache.catalina.startup.HostConfig.deployDirectory 웹 애플리케이션 디렉토리 [D:\2bStudy\JSP\apache-tomcat-8.5.81\webapps\docs]에 대한 배치가 [415] 밀리초에 완료되었습니다.
20-Jul-2022 18:26:04.858 정보 [localhost-startStop-1] org.apache.catalina.startup.HostConfig.deployDirectory 웹 애플리케이션 디렉토리 [D:\2bStudy\JSP\apache-tomcat-8.5.81\webapps\examples]을(를) 배치합니다.
20-Jul-2022 18:26:05.341 정보 [localhost-startStop-1] org.apache.catalina.startup.HostConfig.deployDirectory 웹 애플리케이션 디렉토리 [D:\2bStudy\JSP\apache-tomcat-8.5.81\webapps\examples]에 대한 배치가 [483] 밀리초에 완료되었습니다.
20-Jul-2022 18:26:05.344 정보 [localhost-startStop-1] org.apache.catalina.startup.HostConfig.deployDirectory 웹 애플리케이션 디렉토리 [D:\2bStudy\JSP\apache-tomcat-8.5.81\webapps\host-manager]을(를) 배치합니다.
20-Jul-2022 18:26:05.378 정보 [localhost-startStop-1] org.apache.catalina.startup.HostConfig.deployDirectory 웹 애플리케이션 디렉토리 [D:\2bStudy\JSP\apache-tomcat-8.5.81\webapps\host-manager]에 대한 배치가 [34] 밀리초에 완료되었습니다.
20-Jul-2022 18:26:05.380 정보 [localhost-startStop-1] org.apache.catalina.startup.HostConfig.deployDirectory 웹 애플리케이션 디렉토리 [D:\2bStudy\JSP\apache-tomcat-8.5.81\webapps\manager]을(를) 배치합니다.
20-Jul-2022 18:26:05.409 정보 [localhost-startStop-1] org.apache.catalina.startup.HostConfig.deployDirectory 웹 애플리케이션 디렉토리 [D:\2bStudy\JSP\apache-tomcat-8.5.81\webapps\manager]에 대한 배치가 [29] 밀리초에 완료되었습니다.
20-Jul-2022 18:26:05.411 정보 [localhost-startStop-1] org.apache.catalina.startup.HostConfig.deployDirectory 웹 애플리케이션 디렉토리 [D:\2bStudy\JSP\apache-tomcat-8.5.81\webapps\ROOT]을(를) 배치합니다.
20-Jul-2022 18:26:05.434 정보 [localhost-startStop-1] org.apache.catalina.startup.HostConfig.deployDirectory 웹 애플리케이션 디렉토리 [D:\2bStudy\JSP\apache-tomcat-8.5.81\webapps\ROOT]에 대한 배치가 [23] 밀리초에 완료되었습니다.
20-Jul-2022 18:26:05.438 정보 [main] org.apache.coyote.AbstractProtocol.start 프로토콜 핸들러 ["http-nio-8080"]을(를) 시작합니다.
20-Jul-2022 18:26:05.453 정보 [main] org.apache.catalina.startup.Catalina.start Server startup in 1108 ms
